  smf_analyzer.cpp
d:\vs_projects\smf_analyzer\src\smf_analyzer.cpp(149): warning C4244: 'initializing': conversion from 'std::streamoff' to 'int', possible loss of data
d:\vs_projects\smf_analyzer\src\smf_analyzer.cpp(313): warning C4018: '<': signed/unsigned mismatch
c:\program files (x86)\microsoft visual studio\2017\community\vc\tools\msvc\14.16.27023\include\xlocale(605): warning C4302: 'type cast': truncation from '_Elem' to 'unsigned char'
          with
          [
              _Elem=char *
          ]
  c:\program files (x86)\microsoft visual studio\2017\community\vc\tools\msvc\14.16.27023\include\xlocale(2454): note: see reference to function template instantiation 'char std::_Maklocbyte<_Elem>(_Elem,const std::_Locinfo::_Cvtvec &)' being compiled
          with
          [
              _Elem=char *
          ]
  c:\program files (x86)\microsoft visual studio\2017\community\vc\tools\msvc\14.16.27023\include\xlocale(2447): note: while compiling class template member function 'char std::ctype<_Elem>::_Donarrow(_Elem,char) const'
          with
          [
              _Elem=char *
          ]
  c:\program files (x86)\microsoft visual studio\2017\community\vc\tools\msvc\14.16.27023\include\xlocale(2473): note: see reference to function template instantiation 'char std::ctype<_Elem>::_Donarrow(_Elem,char) const' being compiled
          with
          [
              _Elem=char *
          ]
  c:\program files (x86)\microsoft visual studio\2017\community\vc\tools\msvc\14.16.27023\include\locale(283): note: see reference to class template instantiation 'std::ctype<_Elem>' being compiled
          with
          [
              _Elem=char *
          ]
  d:\vs_projects\smf_analyzer\src\smf_analyzer.cpp(200): note: see reference to function template instantiation '_Elem *std::toupper<char*>(_Elem,const std::locale &)' being compiled
          with
          [
              _Elem=char *
          ]
  c:\program files (x86)\microsoft visual studio\2017\community\vc\tools\msvc\14.16.27023\include\filesystem(2392): note: see reference to class template instantiation 'std::chrono::time_point<std::filesystem::_File_time_clock,std::filesystem::_File_time_clock::duration>' being compiled
  c:\program files (x86)\microsoft visual studio\2017\community\vc\tools\msvc\14.16.27023\include\type_traits(616): note: see reference to class template instantiation 'std::basic_string_view<wchar_t,std::char_traits<wchar_t>>' being compiled
  c:\program files (x86)\microsoft visual studio\2017\community\vc\tools\msvc\14.16.27023\include\xstring(2122): note: see reference to class template instantiation 'std::is_convertible<const _StringViewIsh &,std::basic_string_view<wchar_t,std::char_traits<wchar_t>>>' being compiled
          with
          [
              _StringViewIsh=const wchar_t *
          ]
  c:\program files (x86)\microsoft visual studio\2017\community\vc\tools\msvc\14.16.27023\include\xstring(2122): note: see reference to variable template 'const bool conjunction_v<std::is_convertible<wchar_t const * const &,std::basic_string_view<wchar_t,std::char_traits<wchar_t> > >,std::negation<std::is_convertible<wchar_t const * const &,wchar_t const *> > >' being compiled
  c:\program files (x86)\microsoft visual studio\2017\community\vc\tools\msvc\14.16.27023\include\xstring(2281): note: see reference to alias template instantiation 'std::basic_string<wchar_t,std::char_traits<wchar_t>,std::allocator<wchar_t>>::_Is_string_view_ish<_StringViewIsh>' being compiled
          with
          [
              _StringViewIsh=const wchar_t *
          ]
  smf_analyzer.vcxproj -> D:\VS_Projects\smf_analyzer\build_msvc\Debug\smf_analyzer.exe
